have_header: checking for unistd.h... -------------------- yes

"/usr/local/bin/gcc-4.2 -o conftest -I/Users/scottdensmore/.rvm/rubies/ruby-1.9.3-p448/include/ruby-1.9.1/x86_64-darwin12.4.0 -I/Users/scottdensmore/.rvm/rubies/ruby-1.9.3-p448/include/ruby-1.9.1/ruby/backward -I/Users/scottdensmore/.rvm/rubies/ruby-1.9.3-p448/include/ruby-1.9.1 -I. -D_XOPEN_SOURCE -D_DARWIN_C_SOURCE   -I/usr/local/opt/libyaml/include -I/usr/local/opt/readline/include -I/usr/local/opt/libksba/include -I/usr/local/opt/openssl/include  -O3 -ggdb -Wall -Wextra -Wno-unused-parameter -Wno-parentheses -Wno-long-long -Wno-missing-field-initializers -Wpointer-arith -Wwrite-strings -Wdeclaration-after-statement -Wshorten-64-to-32 -Wimplicit-function-declaration  -fno-common -pipe conftest.c  -L. -L/Users/scottdensmore/.rvm/rubies/ruby-1.9.3-p448/lib -L/usr/local/opt/libyaml/lib -L/usr/local/opt/readline/lib -L/usr/local/opt/libksba/lib -L/usr/local/opt/openssl/lib -L.  -L/usr/local/opt/libyaml/lib -L/usr/local/opt/readline/lib -L/usr/local/opt/libksba/lib -L/usr/local/opt/openssl/lib      -lruby.1.9.1  -lpthread -ldl -lobjc "
checked program was:
/* begin */
1: #include "ruby.h"
2: 
3: int main(int argc, char **argv)
4: {
5:   return 0;
6: }
/* end */

"/usr/local/bin/gcc-4.2 -E -I/Users/scottdensmore/.rvm/rubies/ruby-1.9.3-p448/include/ruby-1.9.1/x86_64-darwin12.4.0 -I/Users/scottdensmore/.rvm/rubies/ruby-1.9.3-p448/include/ruby-1.9.1/ruby/backward -I/Users/scottdensmore/.rvm/rubies/ruby-1.9.3-p448/include/ruby-1.9.1 -I. -D_XOPEN_SOURCE -D_DARWIN_C_SOURCE   -I/usr/local/opt/libyaml/include -I/usr/local/opt/readline/include -I/usr/local/opt/libksba/include -I/usr/local/opt/openssl/include  -O3 -ggdb -Wall -Wextra -Wno-unused-parameter -Wno-parentheses -Wno-long-long -Wno-missing-field-initializers -Wpointer-arith -Wwrite-strings -Wdeclaration-after-statement -Wshorten-64-to-32 -Wimplicit-function-declaration  -fno-common -pipe  conftest.c -o conftest.i"
checked program was:
/* begin */
1: #include "ruby.h"
2: 
3: #include <unistd.h>
/* end */

--------------------

have_func: checking for getpagesize()... -------------------- yes

"/usr/local/bin/gcc-4.2 -o conftest -I/Users/scottdensmore/.rvm/rubies/ruby-1.9.3-p448/include/ruby-1.9.1/x86_64-darwin12.4.0 -I/Users/scottdensmore/.rvm/rubies/ruby-1.9.3-p448/include/ruby-1.9.1/ruby/backward -I/Users/scottdensmore/.rvm/rubies/ruby-1.9.3-p448/include/ruby-1.9.1 -I. -D_XOPEN_SOURCE -D_DARWIN_C_SOURCE   -I/usr/local/opt/libyaml/include -I/usr/local/opt/readline/include -I/usr/local/opt/libksba/include -I/usr/local/opt/openssl/include  -O3 -ggdb -Wall -Wextra -Wno-unused-parameter -Wno-parentheses -Wno-long-long -Wno-missing-field-initializers -Wpointer-arith -Wwrite-strings -Wdeclaration-after-statement -Wshorten-64-to-32 -Wimplicit-function-declaration  -fno-common -pipe conftest.c  -L. -L/Users/scottdensmore/.rvm/rubies/ruby-1.9.3-p448/lib -L/usr/local/opt/libyaml/lib -L/usr/local/opt/readline/lib -L/usr/local/opt/libksba/lib -L/usr/local/opt/openssl/lib -L.  -L/usr/local/opt/libyaml/lib -L/usr/local/opt/readline/lib -L/usr/local/opt/libksba/lib -L/usr/local/opt/openssl/lib      -lruby.1.9.1  -lpthread -ldl -lobjc "
conftest.c: In function ‘t’:
conftest.c:4: error: ‘getpagesize’ undeclared (first use in this function)
conftest.c:4: error: (Each undeclared identifier is reported only once
conftest.c:4: error: for each function it appears in.)
checked program was:
/* begin */
 1: #include "ruby.h"
 2: 
 3: /*top*/
 4: int t() { void ((*volatile p)()); p = (void ((*)()))getpagesize; return 0; }
 5: int main(int argc, char **argv)
 6: {
 7:   if (argc > 1000000) {
 8:     printf("%p", &t);
 9:   }
10: 
11:   return 0;
12: }
/* end */

"/usr/local/bin/gcc-4.2 -o conftest -I/Users/scottdensmore/.rvm/rubies/ruby-1.9.3-p448/include/ruby-1.9.1/x86_64-darwin12.4.0 -I/Users/scottdensmore/.rvm/rubies/ruby-1.9.3-p448/include/ruby-1.9.1/ruby/backward -I/Users/scottdensmore/.rvm/rubies/ruby-1.9.3-p448/include/ruby-1.9.1 -I. -D_XOPEN_SOURCE -D_DARWIN_C_SOURCE   -I/usr/local/opt/libyaml/include -I/usr/local/opt/readline/include -I/usr/local/opt/libksba/include -I/usr/local/opt/openssl/include  -O3 -ggdb -Wall -Wextra -Wno-unused-parameter -Wno-parentheses -Wno-long-long -Wno-missing-field-initializers -Wpointer-arith -Wwrite-strings -Wdeclaration-after-statement -Wshorten-64-to-32 -Wimplicit-function-declaration  -fno-common -pipe conftest.c  -L. -L/Users/scottdensmore/.rvm/rubies/ruby-1.9.3-p448/lib -L/usr/local/opt/libyaml/lib -L/usr/local/opt/readline/lib -L/usr/local/opt/libksba/lib -L/usr/local/opt/openssl/lib -L.  -L/usr/local/opt/libyaml/lib -L/usr/local/opt/readline/lib -L/usr/local/opt/libksba/lib -L/usr/local/opt/openssl/lib      -lruby.1.9.1  -lpthread -ldl -lobjc "
conftest.c: In function ‘t’:
conftest.c:4: warning: implicit declaration of function ‘getpagesize’
checked program was:
/* begin */
 1: #include "ruby.h"
 2: 
 3: /*top*/
 4: int t() { getpagesize(); return 0; }
 5: int main(int argc, char **argv)
 6: {
 7:   if (argc > 1000000) {
 8:     printf("%p", &t);
 9:   }
10: 
11:   return 0;
12: }
/* end */

--------------------

have_header: checking for stdlib.h... -------------------- yes

"/usr/local/bin/gcc-4.2 -E -I/Users/scottdensmore/.rvm/rubies/ruby-1.9.3-p448/include/ruby-1.9.1/x86_64-darwin12.4.0 -I/Users/scottdensmore/.rvm/rubies/ruby-1.9.3-p448/include/ruby-1.9.1/ruby/backward -I/Users/scottdensmore/.rvm/rubies/ruby-1.9.3-p448/include/ruby-1.9.1 -I. -D_XOPEN_SOURCE -D_DARWIN_C_SOURCE   -I/usr/local/opt/libyaml/include -I/usr/local/opt/readline/include -I/usr/local/opt/libksba/include -I/usr/local/opt/openssl/include  -O3 -ggdb -Wall -Wextra -Wno-unused-parameter -Wno-parentheses -Wno-long-long -Wno-missing-field-initializers -Wpointer-arith -Wwrite-strings -Wdeclaration-after-statement -Wshorten-64-to-32 -Wimplicit-function-declaration  -fno-common -pipe  conftest.c -o conftest.i"
checked program was:
/* begin */
1: #include "ruby.h"
2: 
3: #include <stdlib.h>
/* end */

--------------------

have_func: checking for getloadavg()... -------------------- yes

"/usr/local/bin/gcc-4.2 -o conftest -I/Users/scottdensmore/.rvm/rubies/ruby-1.9.3-p448/include/ruby-1.9.1/x86_64-darwin12.4.0 -I/Users/scottdensmore/.rvm/rubies/ruby-1.9.3-p448/include/ruby-1.9.1/ruby/backward -I/Users/scottdensmore/.rvm/rubies/ruby-1.9.3-p448/include/ruby-1.9.1 -I. -D_XOPEN_SOURCE -D_DARWIN_C_SOURCE   -I/usr/local/opt/libyaml/include -I/usr/local/opt/readline/include -I/usr/local/opt/libksba/include -I/usr/local/opt/openssl/include  -O3 -ggdb -Wall -Wextra -Wno-unused-parameter -Wno-parentheses -Wno-long-long -Wno-missing-field-initializers -Wpointer-arith -Wwrite-strings -Wdeclaration-after-statement -Wshorten-64-to-32 -Wimplicit-function-declaration  -fno-common -pipe conftest.c  -L. -L/Users/scottdensmore/.rvm/rubies/ruby-1.9.3-p448/lib -L/usr/local/opt/libyaml/lib -L/usr/local/opt/readline/lib -L/usr/local/opt/libksba/lib -L/usr/local/opt/openssl/lib -L.  -L/usr/local/opt/libyaml/lib -L/usr/local/opt/readline/lib -L/usr/local/opt/libksba/lib -L/usr/local/opt/openssl/lib      -lruby.1.9.1  -lpthread -ldl -lobjc "
checked program was:
/* begin */
 1: #include "ruby.h"
 2: 
 3: /*top*/
 4: int t() { void ((*volatile p)()); p = (void ((*)()))getloadavg; return 0; }
 5: int main(int argc, char **argv)
 6: {
 7:   if (argc > 1000000) {
 8:     printf("%p", &t);
 9:   }
10: 
11:   return 0;
12: }
/* end */

--------------------

have_header: checking for mach/mach.h... -------------------- yes

"/usr/local/bin/gcc-4.2 -E -I/Users/scottdensmore/.rvm/rubies/ruby-1.9.3-p448/include/ruby-1.9.1/x86_64-darwin12.4.0 -I/Users/scottdensmore/.rvm/rubies/ruby-1.9.3-p448/include/ruby-1.9.1/ruby/backward -I/Users/scottdensmore/.rvm/rubies/ruby-1.9.3-p448/include/ruby-1.9.1 -I. -D_XOPEN_SOURCE -D_DARWIN_C_SOURCE   -I/usr/local/opt/libyaml/include -I/usr/local/opt/readline/include -I/usr/local/opt/libksba/include -I/usr/local/opt/openssl/include  -O3 -ggdb -Wall -Wextra -Wno-unused-parameter -Wno-parentheses -Wno-long-long -Wno-missing-field-initializers -Wpointer-arith -Wwrite-strings -Wdeclaration-after-statement -Wshorten-64-to-32 -Wimplicit-function-declaration  -fno-common -pipe  conftest.c -o conftest.i"
checked program was:
/* begin */
1: #include "ruby.h"
2: 
3: #include <mach/mach.h>
/* end */

--------------------

have_header: checking for mach/mach_host.h... -------------------- yes

"/usr/local/bin/gcc-4.2 -E -I/Users/scottdensmore/.rvm/rubies/ruby-1.9.3-p448/include/ruby-1.9.1/x86_64-darwin12.4.0 -I/Users/scottdensmore/.rvm/rubies/ruby-1.9.3-p448/include/ruby-1.9.1/ruby/backward -I/Users/scottdensmore/.rvm/rubies/ruby-1.9.3-p448/include/ruby-1.9.1 -I. -D_XOPEN_SOURCE -D_DARWIN_C_SOURCE   -I/usr/local/opt/libyaml/include -I/usr/local/opt/readline/include -I/usr/local/opt/libksba/include -I/usr/local/opt/openssl/include  -O3 -ggdb -Wall -Wextra -Wno-unused-parameter -Wno-parentheses -Wno-long-long -Wno-missing-field-initializers -Wpointer-arith -Wwrite-strings -Wdeclaration-after-statement -Wshorten-64-to-32 -Wimplicit-function-declaration  -fno-common -pipe  conftest.c -o conftest.i"
checked program was:
/* begin */
1: #include "ruby.h"
2: 
3: #include <mach/mach_host.h>
/* end */

--------------------

have_func: checking for host_processor_info()... -------------------- yes

"/usr/local/bin/gcc-4.2 -o conftest -I/Users/scottdensmore/.rvm/rubies/ruby-1.9.3-p448/include/ruby-1.9.1/x86_64-darwin12.4.0 -I/Users/scottdensmore/.rvm/rubies/ruby-1.9.3-p448/include/ruby-1.9.1/ruby/backward -I/Users/scottdensmore/.rvm/rubies/ruby-1.9.3-p448/include/ruby-1.9.1 -I. -D_XOPEN_SOURCE -D_DARWIN_C_SOURCE   -I/usr/local/opt/libyaml/include -I/usr/local/opt/readline/include -I/usr/local/opt/libksba/include -I/usr/local/opt/openssl/include  -O3 -ggdb -Wall -Wextra -Wno-unused-parameter -Wno-parentheses -Wno-long-long -Wno-missing-field-initializers -Wpointer-arith -Wwrite-strings -Wdeclaration-after-statement -Wshorten-64-to-32 -Wimplicit-function-declaration  -fno-common -pipe conftest.c  -L. -L/Users/scottdensmore/.rvm/rubies/ruby-1.9.3-p448/lib -L/usr/local/opt/libyaml/lib -L/usr/local/opt/readline/lib -L/usr/local/opt/libksba/lib -L/usr/local/opt/openssl/lib -L.  -L/usr/local/opt/libyaml/lib -L/usr/local/opt/readline/lib -L/usr/local/opt/libksba/lib -L/usr/local/opt/openssl/lib      -lruby.1.9.1  -lpthread -ldl -lobjc "
conftest.c: In function ‘t’:
conftest.c:4: error: ‘host_processor_info’ undeclared (first use in this function)
conftest.c:4: error: (Each undeclared identifier is reported only once
conftest.c:4: error: for each function it appears in.)
checked program was:
/* begin */
 1: #include "ruby.h"
 2: 
 3: /*top*/
 4: int t() { void ((*volatile p)()); p = (void ((*)()))host_processor_info; return 0; }
 5: int main(int argc, char **argv)
 6: {
 7:   if (argc > 1000000) {
 8:     printf("%p", &t);
 9:   }
10: 
11:   return 0;
12: }
/* end */

"/usr/local/bin/gcc-4.2 -o conftest -I/Users/scottdensmore/.rvm/rubies/ruby-1.9.3-p448/include/ruby-1.9.1/x86_64-darwin12.4.0 -I/Users/scottdensmore/.rvm/rubies/ruby-1.9.3-p448/include/ruby-1.9.1/ruby/backward -I/Users/scottdensmore/.rvm/rubies/ruby-1.9.3-p448/include/ruby-1.9.1 -I. -D_XOPEN_SOURCE -D_DARWIN_C_SOURCE   -I/usr/local/opt/libyaml/include -I/usr/local/opt/readline/include -I/usr/local/opt/libksba/include -I/usr/local/opt/openssl/include  -O3 -ggdb -Wall -Wextra -Wno-unused-parameter -Wno-parentheses -Wno-long-long -Wno-missing-field-initializers -Wpointer-arith -Wwrite-strings -Wdeclaration-after-statement -Wshorten-64-to-32 -Wimplicit-function-declaration  -fno-common -pipe conftest.c  -L. -L/Users/scottdensmore/.rvm/rubies/ruby-1.9.3-p448/lib -L/usr/local/opt/libyaml/lib -L/usr/local/opt/readline/lib -L/usr/local/opt/libksba/lib -L/usr/local/opt/openssl/lib -L.  -L/usr/local/opt/libyaml/lib -L/usr/local/opt/readline/lib -L/usr/local/opt/libksba/lib -L/usr/local/opt/openssl/lib      -lruby.1.9.1  -lpthread -ldl -lobjc "
conftest.c: In function ‘t’:
conftest.c:4: warning: implicit declaration of function ‘host_processor_info’
checked program was:
/* begin */
 1: #include "ruby.h"
 2: 
 3: /*top*/
 4: int t() { host_processor_info(); return 0; }
 5: int main(int argc, char **argv)
 6: {
 7:   if (argc > 1000000) {
 8:     printf("%p", &t);
 9:   }
10: 
11:   return 0;
12: }
/* end */

--------------------

have_func: checking for mach_host_self()... -------------------- yes

"/usr/local/bin/gcc-4.2 -o conftest -I/Users/scottdensmore/.rvm/rubies/ruby-1.9.3-p448/include/ruby-1.9.1/x86_64-darwin12.4.0 -I/Users/scottdensmore/.rvm/rubies/ruby-1.9.3-p448/include/ruby-1.9.1/ruby/backward -I/Users/scottdensmore/.rvm/rubies/ruby-1.9.3-p448/include/ruby-1.9.1 -I. -D_XOPEN_SOURCE -D_DARWIN_C_SOURCE   -I/usr/local/opt/libyaml/include -I/usr/local/opt/readline/include -I/usr/local/opt/libksba/include -I/usr/local/opt/openssl/include  -O3 -ggdb -Wall -Wextra -Wno-unused-parameter -Wno-parentheses -Wno-long-long -Wno-missing-field-initializers -Wpointer-arith -Wwrite-strings -Wdeclaration-after-statement -Wshorten-64-to-32 -Wimplicit-function-declaration  -fno-common -pipe conftest.c  -L. -L/Users/scottdensmore/.rvm/rubies/ruby-1.9.3-p448/lib -L/usr/local/opt/libyaml/lib -L/usr/local/opt/readline/lib -L/usr/local/opt/libksba/lib -L/usr/local/opt/openssl/lib -L.  -L/usr/local/opt/libyaml/lib -L/usr/local/opt/readline/lib -L/usr/local/opt/libksba/lib -L/usr/local/opt/openssl/lib      -lruby.1.9.1  -lpthread -ldl -lobjc "
conftest.c: In function ‘t’:
conftest.c:4: error: ‘mach_host_self’ undeclared (first use in this function)
conftest.c:4: error: (Each undeclared identifier is reported only once
conftest.c:4: error: for each function it appears in.)
checked program was:
/* begin */
 1: #include "ruby.h"
 2: 
 3: /*top*/
 4: int t() { void ((*volatile p)()); p = (void ((*)()))mach_host_self; return 0; }
 5: int main(int argc, char **argv)
 6: {
 7:   if (argc > 1000000) {
 8:     printf("%p", &t);
 9:   }
10: 
11:   return 0;
12: }
/* end */

"/usr/local/bin/gcc-4.2 -o conftest -I/Users/scottdensmore/.rvm/rubies/ruby-1.9.3-p448/include/ruby-1.9.1/x86_64-darwin12.4.0 -I/Users/scottdensmore/.rvm/rubies/ruby-1.9.3-p448/include/ruby-1.9.1/ruby/backward -I/Users/scottdensmore/.rvm/rubies/ruby-1.9.3-p448/include/ruby-1.9.1 -I. -D_XOPEN_SOURCE -D_DARWIN_C_SOURCE   -I/usr/local/opt/libyaml/include -I/usr/local/opt/readline/include -I/usr/local/opt/libksba/include -I/usr/local/opt/openssl/include  -O3 -ggdb -Wall -Wextra -Wno-unused-parameter -Wno-parentheses -Wno-long-long -Wno-missing-field-initializers -Wpointer-arith -Wwrite-strings -Wdeclaration-after-statement -Wshorten-64-to-32 -Wimplicit-function-declaration  -fno-common -pipe conftest.c  -L. -L/Users/scottdensmore/.rvm/rubies/ruby-1.9.3-p448/lib -L/usr/local/opt/libyaml/lib -L/usr/local/opt/readline/lib -L/usr/local/opt/libksba/lib -L/usr/local/opt/openssl/lib -L.  -L/usr/local/opt/libyaml/lib -L/usr/local/opt/readline/lib -L/usr/local/opt/libksba/lib -L/usr/local/opt/openssl/lib      -lruby.1.9.1  -lpthread -ldl -lobjc "
conftest.c: In function ‘t’:
conftest.c:4: warning: implicit declaration of function ‘mach_host_self’
checked program was:
/* begin */
 1: #include "ruby.h"
 2: 
 3: /*top*/
 4: int t() { mach_host_self(); return 0; }
 5: int main(int argc, char **argv)
 6: {
 7:   if (argc > 1000000) {
 8:     printf("%p", &t);
 9:   }
10: 
11:   return 0;
12: }
/* end */

--------------------

have_func: checking for mach_task_self()... -------------------- yes

"/usr/local/bin/gcc-4.2 -o conftest -I/Users/scottdensmore/.rvm/rubies/ruby-1.9.3-p448/include/ruby-1.9.1/x86_64-darwin12.4.0 -I/Users/scottdensmore/.rvm/rubies/ruby-1.9.3-p448/include/ruby-1.9.1/ruby/backward -I/Users/scottdensmore/.rvm/rubies/ruby-1.9.3-p448/include/ruby-1.9.1 -I. -D_XOPEN_SOURCE -D_DARWIN_C_SOURCE   -I/usr/local/opt/libyaml/include -I/usr/local/opt/readline/include -I/usr/local/opt/libksba/include -I/usr/local/opt/openssl/include  -O3 -ggdb -Wall -Wextra -Wno-unused-parameter -Wno-parentheses -Wno-long-long -Wno-missing-field-initializers -Wpointer-arith -Wwrite-strings -Wdeclaration-after-statement -Wshorten-64-to-32 -Wimplicit-function-declaration  -fno-common -pipe conftest.c  -L. -L/Users/scottdensmore/.rvm/rubies/ruby-1.9.3-p448/lib -L/usr/local/opt/libyaml/lib -L/usr/local/opt/readline/lib -L/usr/local/opt/libksba/lib -L/usr/local/opt/openssl/lib -L.  -L/usr/local/opt/libyaml/lib -L/usr/local/opt/readline/lib -L/usr/local/opt/libksba/lib -L/usr/local/opt/openssl/lib      -lruby.1.9.1  -lpthread -ldl -lobjc "
conftest.c: In function ‘t’:
conftest.c:4: error: ‘mach_task_self’ undeclared (first use in this function)
conftest.c:4: error: (Each undeclared identifier is reported only once
conftest.c:4: error: for each function it appears in.)
checked program was:
/* begin */
 1: #include "ruby.h"
 2: 
 3: /*top*/
 4: int t() { void ((*volatile p)()); p = (void ((*)()))mach_task_self; return 0; }
 5: int main(int argc, char **argv)
 6: {
 7:   if (argc > 1000000) {
 8:     printf("%p", &t);
 9:   }
10: 
11:   return 0;
12: }
/* end */

"/usr/local/bin/gcc-4.2 -o conftest -I/Users/scottdensmore/.rvm/rubies/ruby-1.9.3-p448/include/ruby-1.9.1/x86_64-darwin12.4.0 -I/Users/scottdensmore/.rvm/rubies/ruby-1.9.3-p448/include/ruby-1.9.1/ruby/backward -I/Users/scottdensmore/.rvm/rubies/ruby-1.9.3-p448/include/ruby-1.9.1 -I. -D_XOPEN_SOURCE -D_DARWIN_C_SOURCE   -I/usr/local/opt/libyaml/include -I/usr/local/opt/readline/include -I/usr/local/opt/libksba/include -I/usr/local/opt/openssl/include  -O3 -ggdb -Wall -Wextra -Wno-unused-parameter -Wno-parentheses -Wno-long-long -Wno-missing-field-initializers -Wpointer-arith -Wwrite-strings -Wdeclaration-after-statement -Wshorten-64-to-32 -Wimplicit-function-declaration  -fno-common -pipe conftest.c  -L. -L/Users/scottdensmore/.rvm/rubies/ruby-1.9.3-p448/lib -L/usr/local/opt/libyaml/lib -L/usr/local/opt/readline/lib -L/usr/local/opt/libksba/lib -L/usr/local/opt/openssl/lib -L.  -L/usr/local/opt/libyaml/lib -L/usr/local/opt/readline/lib -L/usr/local/opt/libksba/lib -L/usr/local/opt/openssl/lib      -lruby.1.9.1  -lpthread -ldl -lobjc "
conftest.c: In function ‘t’:
conftest.c:4: warning: implicit declaration of function ‘mach_task_self’
checked program was:
/* begin */
 1: #include "ruby.h"
 2: 
 3: /*top*/
 4: int t() { mach_task_self(); return 0; }
 5: int main(int argc, char **argv)
 6: {
 7:   if (argc > 1000000) {
 8:     printf("%p", &t);
 9:   }
10: 
11:   return 0;
12: }
/* end */

--------------------

have_func: checking for vm_deallocate()... -------------------- yes

"/usr/local/bin/gcc-4.2 -o conftest -I/Users/scottdensmore/.rvm/rubies/ruby-1.9.3-p448/include/ruby-1.9.1/x86_64-darwin12.4.0 -I/Users/scottdensmore/.rvm/rubies/ruby-1.9.3-p448/include/ruby-1.9.1/ruby/backward -I/Users/scottdensmore/.rvm/rubies/ruby-1.9.3-p448/include/ruby-1.9.1 -I. -D_XOPEN_SOURCE -D_DARWIN_C_SOURCE   -I/usr/local/opt/libyaml/include -I/usr/local/opt/readline/include -I/usr/local/opt/libksba/include -I/usr/local/opt/openssl/include  -O3 -ggdb -Wall -Wextra -Wno-unused-parameter -Wno-parentheses -Wno-long-long -Wno-missing-field-initializers -Wpointer-arith -Wwrite-strings -Wdeclaration-after-statement -Wshorten-64-to-32 -Wimplicit-function-declaration  -fno-common -pipe conftest.c  -L. -L/Users/scottdensmore/.rvm/rubies/ruby-1.9.3-p448/lib -L/usr/local/opt/libyaml/lib -L/usr/local/opt/readline/lib -L/usr/local/opt/libksba/lib -L/usr/local/opt/openssl/lib -L.  -L/usr/local/opt/libyaml/lib -L/usr/local/opt/readline/lib -L/usr/local/opt/libksba/lib -L/usr/local/opt/openssl/lib      -lruby.1.9.1  -lpthread -ldl -lobjc "
conftest.c: In function ‘t’:
conftest.c:4: error: ‘vm_deallocate’ undeclared (first use in this function)
conftest.c:4: error: (Each undeclared identifier is reported only once
conftest.c:4: error: for each function it appears in.)
checked program was:
/* begin */
 1: #include "ruby.h"
 2: 
 3: /*top*/
 4: int t() { void ((*volatile p)()); p = (void ((*)()))vm_deallocate; return 0; }
 5: int main(int argc, char **argv)
 6: {
 7:   if (argc > 1000000) {
 8:     printf("%p", &t);
 9:   }
10: 
11:   return 0;
12: }
/* end */

"/usr/local/bin/gcc-4.2 -o conftest -I/Users/scottdensmore/.rvm/rubies/ruby-1.9.3-p448/include/ruby-1.9.1/x86_64-darwin12.4.0 -I/Users/scottdensmore/.rvm/rubies/ruby-1.9.3-p448/include/ruby-1.9.1/ruby/backward -I/Users/scottdensmore/.rvm/rubies/ruby-1.9.3-p448/include/ruby-1.9.1 -I. -D_XOPEN_SOURCE -D_DARWIN_C_SOURCE   -I/usr/local/opt/libyaml/include -I/usr/local/opt/readline/include -I/usr/local/opt/libksba/include -I/usr/local/opt/openssl/include  -O3 -ggdb -Wall -Wextra -Wno-unused-parameter -Wno-parentheses -Wno-long-long -Wno-missing-field-initializers -Wpointer-arith -Wwrite-strings -Wdeclaration-after-statement -Wshorten-64-to-32 -Wimplicit-function-declaration  -fno-common -pipe conftest.c  -L. -L/Users/scottdensmore/.rvm/rubies/ruby-1.9.3-p448/lib -L/usr/local/opt/libyaml/lib -L/usr/local/opt/readline/lib -L/usr/local/opt/libksba/lib -L/usr/local/opt/openssl/lib -L.  -L/usr/local/opt/libyaml/lib -L/usr/local/opt/readline/lib -L/usr/local/opt/libksba/lib -L/usr/local/opt/openssl/lib      -lruby.1.9.1  -lpthread -ldl -lobjc "
conftest.c: In function ‘t’:
conftest.c:4: warning: implicit declaration of function ‘vm_deallocate’
checked program was:
/* begin */
 1: #include "ruby.h"
 2: 
 3: /*top*/
 4: int t() { vm_deallocate(); return 0; }
 5: int main(int argc, char **argv)
 6: {
 7:   if (argc > 1000000) {
 8:     printf("%p", &t);
 9:   }
10: 
11:   return 0;
12: }
/* end */

--------------------

have_func: checking for mach_error_string()... -------------------- yes

"/usr/local/bin/gcc-4.2 -o conftest -I/Users/scottdensmore/.rvm/rubies/ruby-1.9.3-p448/include/ruby-1.9.1/x86_64-darwin12.4.0 -I/Users/scottdensmore/.rvm/rubies/ruby-1.9.3-p448/include/ruby-1.9.1/ruby/backward -I/Users/scottdensmore/.rvm/rubies/ruby-1.9.3-p448/include/ruby-1.9.1 -I. -D_XOPEN_SOURCE -D_DARWIN_C_SOURCE   -I/usr/local/opt/libyaml/include -I/usr/local/opt/readline/include -I/usr/local/opt/libksba/include -I/usr/local/opt/openssl/include  -O3 -ggdb -Wall -Wextra -Wno-unused-parameter -Wno-parentheses -Wno-long-long -Wno-missing-field-initializers -Wpointer-arith -Wwrite-strings -Wdeclaration-after-statement -Wshorten-64-to-32 -Wimplicit-function-declaration  -fno-common -pipe conftest.c  -L. -L/Users/scottdensmore/.rvm/rubies/ruby-1.9.3-p448/lib -L/usr/local/opt/libyaml/lib -L/usr/local/opt/readline/lib -L/usr/local/opt/libksba/lib -L/usr/local/opt/openssl/lib -L.  -L/usr/local/opt/libyaml/lib -L/usr/local/opt/readline/lib -L/usr/local/opt/libksba/lib -L/usr/local/opt/openssl/lib      -lruby.1.9.1  -lpthread -ldl -lobjc "
conftest.c: In function ‘t’:
conftest.c:4: error: ‘mach_error_string’ undeclared (first use in this function)
conftest.c:4: error: (Each undeclared identifier is reported only once
conftest.c:4: error: for each function it appears in.)
checked program was:
/* begin */
 1: #include "ruby.h"
 2: 
 3: /*top*/
 4: int t() { void ((*volatile p)()); p = (void ((*)()))mach_error_string; return 0; }
 5: int main(int argc, char **argv)
 6: {
 7:   if (argc > 1000000) {
 8:     printf("%p", &t);
 9:   }
10: 
11:   return 0;
12: }
/* end */

"/usr/local/bin/gcc-4.2 -o conftest -I/Users/scottdensmore/.rvm/rubies/ruby-1.9.3-p448/include/ruby-1.9.1/x86_64-darwin12.4.0 -I/Users/scottdensmore/.rvm/rubies/ruby-1.9.3-p448/include/ruby-1.9.1/ruby/backward -I/Users/scottdensmore/.rvm/rubies/ruby-1.9.3-p448/include/ruby-1.9.1 -I. -D_XOPEN_SOURCE -D_DARWIN_C_SOURCE   -I/usr/local/opt/libyaml/include -I/usr/local/opt/readline/include -I/usr/local/opt/libksba/include -I/usr/local/opt/openssl/include  -O3 -ggdb -Wall -Wextra -Wno-unused-parameter -Wno-parentheses -Wno-long-long -Wno-missing-field-initializers -Wpointer-arith -Wwrite-strings -Wdeclaration-after-statement -Wshorten-64-to-32 -Wimplicit-function-declaration  -fno-common -pipe conftest.c  -L. -L/Users/scottdensmore/.rvm/rubies/ruby-1.9.3-p448/lib -L/usr/local/opt/libyaml/lib -L/usr/local/opt/readline/lib -L/usr/local/opt/libksba/lib -L/usr/local/opt/openssl/lib -L.  -L/usr/local/opt/libyaml/lib -L/usr/local/opt/readline/lib -L/usr/local/opt/libksba/lib -L/usr/local/opt/openssl/lib      -lruby.1.9.1  -lpthread -ldl -lobjc "
conftest.c: In function ‘t’:
conftest.c:4: warning: implicit declaration of function ‘mach_error_string’
checked program was:
/* begin */
 1: #include "ruby.h"
 2: 
 3: /*top*/
 4: int t() { mach_error_string(); return 0; }
 5: int main(int argc, char **argv)
 6: {
 7:   if (argc > 1000000) {
 8:     printf("%p", &t);
 9:   }
10: 
11:   return 0;
12: }
/* end */

--------------------

have_func: checking for task_info()... -------------------- yes

"/usr/local/bin/gcc-4.2 -o conftest -I/Users/scottdensmore/.rvm/rubies/ruby-1.9.3-p448/include/ruby-1.9.1/x86_64-darwin12.4.0 -I/Users/scottdensmore/.rvm/rubies/ruby-1.9.3-p448/include/ruby-1.9.1/ruby/backward -I/Users/scottdensmore/.rvm/rubies/ruby-1.9.3-p448/include/ruby-1.9.1 -I. -D_XOPEN_SOURCE -D_DARWIN_C_SOURCE   -I/usr/local/opt/libyaml/include -I/usr/local/opt/readline/include -I/usr/local/opt/libksba/include -I/usr/local/opt/openssl/include  -O3 -ggdb -Wall -Wextra -Wno-unused-parameter -Wno-parentheses -Wno-long-long -Wno-missing-field-initializers -Wpointer-arith -Wwrite-strings -Wdeclaration-after-statement -Wshorten-64-to-32 -Wimplicit-function-declaration  -fno-common -pipe conftest.c  -L. -L/Users/scottdensmore/.rvm/rubies/ruby-1.9.3-p448/lib -L/usr/local/opt/libyaml/lib -L/usr/local/opt/readline/lib -L/usr/local/opt/libksba/lib -L/usr/local/opt/openssl/lib -L.  -L/usr/local/opt/libyaml/lib -L/usr/local/opt/readline/lib -L/usr/local/opt/libksba/lib -L/usr/local/opt/openssl/lib      -lruby.1.9.1  -lpthread -ldl -lobjc "
conftest.c: In function ‘t’:
conftest.c:4: error: ‘task_info’ undeclared (first use in this function)
conftest.c:4: error: (Each undeclared identifier is reported only once
conftest.c:4: error: for each function it appears in.)
checked program was:
/* begin */
 1: #include "ruby.h"
 2: 
 3: /*top*/
 4: int t() { void ((*volatile p)()); p = (void ((*)()))task_info; return 0; }
 5: int main(int argc, char **argv)
 6: {
 7:   if (argc > 1000000) {
 8:     printf("%p", &t);
 9:   }
10: 
11:   return 0;
12: }
/* end */

"/usr/local/bin/gcc-4.2 -o conftest -I/Users/scottdensmore/.rvm/rubies/ruby-1.9.3-p448/include/ruby-1.9.1/x86_64-darwin12.4.0 -I/Users/scottdensmore/.rvm/rubies/ruby-1.9.3-p448/include/ruby-1.9.1/ruby/backward -I/Users/scottdensmore/.rvm/rubies/ruby-1.9.3-p448/include/ruby-1.9.1 -I. -D_XOPEN_SOURCE -D_DARWIN_C_SOURCE   -I/usr/local/opt/libyaml/include -I/usr/local/opt/readline/include -I/usr/local/opt/libksba/include -I/usr/local/opt/openssl/include  -O3 -ggdb -Wall -Wextra -Wno-unused-parameter -Wno-parentheses -Wno-long-long -Wno-missing-field-initializers -Wpointer-arith -Wwrite-strings -Wdeclaration-after-statement -Wshorten-64-to-32 -Wimplicit-function-declaration  -fno-common -pipe conftest.c  -L. -L/Users/scottdensmore/.rvm/rubies/ruby-1.9.3-p448/lib -L/usr/local/opt/libyaml/lib -L/usr/local/opt/readline/lib -L/usr/local/opt/libksba/lib -L/usr/local/opt/openssl/lib -L.  -L/usr/local/opt/libyaml/lib -L/usr/local/opt/readline/lib -L/usr/local/opt/libksba/lib -L/usr/local/opt/openssl/lib      -lruby.1.9.1  -lpthread -ldl -lobjc "
conftest.c: In function ‘t’:
conftest.c:4: warning: implicit declaration of function ‘task_info’
checked program was:
/* begin */
 1: #include "ruby.h"
 2: 
 3: /*top*/
 4: int t() { task_info(); return 0; }
 5: int main(int argc, char **argv)
 6: {
 7:   if (argc > 1000000) {
 8:     printf("%p", &t);
 9:   }
10: 
11:   return 0;
12: }
/* end */

--------------------

have_const: checking for KERN_SUCCESS in mach/mach.h,mach/mach_host.h... -------------------- yes

"/usr/local/bin/gcc-4.2 -I/Users/scottdensmore/.rvm/rubies/ruby-1.9.3-p448/include/ruby-1.9.1/x86_64-darwin12.4.0 -I/Users/scottdensmore/.rvm/rubies/ruby-1.9.3-p448/include/ruby-1.9.1/ruby/backward -I/Users/scottdensmore/.rvm/rubies/ruby-1.9.3-p448/include/ruby-1.9.1 -I. -D_XOPEN_SOURCE -D_DARWIN_C_SOURCE   -I/usr/local/opt/libyaml/include -I/usr/local/opt/readline/include -I/usr/local/opt/libksba/include -I/usr/local/opt/openssl/include  -O3 -ggdb -Wall -Wextra -Wno-unused-parameter -Wno-parentheses -Wno-long-long -Wno-missing-field-initializers -Wpointer-arith -Wwrite-strings -Wdeclaration-after-statement -Wshorten-64-to-32 -Wimplicit-function-declaration  -fno-common -pipe   -c conftest.c"
checked program was:
/* begin */
1: #include "ruby.h"
2: 
3: #include <mach/mach.h>
4: #include <mach/mach_host.h>
5: 
6: /*top*/
7: typedef int conftest_type;
8: conftest_type conftestval = (int)KERN_SUCCESS;
/* end */

--------------------

have_const: checking for TASK_BASIC_INFO in mach/mach.h,mach/mach_host.h... -------------------- yes

"/usr/local/bin/gcc-4.2 -I/Users/scottdensmore/.rvm/rubies/ruby-1.9.3-p448/include/ruby-1.9.1/x86_64-darwin12.4.0 -I/Users/scottdensmore/.rvm/rubies/ruby-1.9.3-p448/include/ruby-1.9.1/ruby/backward -I/Users/scottdensmore/.rvm/rubies/ruby-1.9.3-p448/include/ruby-1.9.1 -I. -D_XOPEN_SOURCE -D_DARWIN_C_SOURCE   -I/usr/local/opt/libyaml/include -I/usr/local/opt/readline/include -I/usr/local/opt/libksba/include -I/usr/local/opt/openssl/include  -O3 -ggdb -Wall -Wextra -Wno-unused-parameter -Wno-parentheses -Wno-long-long -Wno-missing-field-initializers -Wpointer-arith -Wwrite-strings -Wdeclaration-after-statement -Wshorten-64-to-32 -Wimplicit-function-declaration  -fno-common -pipe   -c conftest.c"
checked program was:
/* begin */
1: #include "ruby.h"
2: 
3: #include <mach/mach.h>
4: #include <mach/mach_host.h>
5: 
6: /*top*/
7: typedef int conftest_type;
8: conftest_type conftestval = (int)TASK_BASIC_INFO;
/* end */

--------------------

have_const: checking for HOST_VM_INFO in mach/mach.h,mach/mach_host.h... -------------------- yes

"/usr/local/bin/gcc-4.2 -I/Users/scottdensmore/.rvm/rubies/ruby-1.9.3-p448/include/ruby-1.9.1/x86_64-darwin12.4.0 -I/Users/scottdensmore/.rvm/rubies/ruby-1.9.3-p448/include/ruby-1.9.1/ruby/backward -I/Users/scottdensmore/.rvm/rubies/ruby-1.9.3-p448/include/ruby-1.9.1 -I. -D_XOPEN_SOURCE -D_DARWIN_C_SOURCE   -I/usr/local/opt/libyaml/include -I/usr/local/opt/readline/include -I/usr/local/opt/libksba/include -I/usr/local/opt/openssl/include  -O3 -ggdb -Wall -Wextra -Wno-unused-parameter -Wno-parentheses -Wno-long-long -Wno-missing-field-initializers -Wpointer-arith -Wwrite-strings -Wdeclaration-after-statement -Wshorten-64-to-32 -Wimplicit-function-declaration  -fno-common -pipe   -c conftest.c"
checked program was:
/* begin */
1: #include "ruby.h"
2: 
3: #include <mach/mach.h>
4: #include <mach/mach_host.h>
5: 
6: /*top*/
7: typedef int conftest_type;
8: conftest_type conftestval = (int)HOST_VM_INFO;
/* end */

--------------------

have_const: checking for CPU_STATE_MAX in mach/mach.h,mach/mach_host.h... -------------------- yes

"/usr/local/bin/gcc-4.2 -I/Users/scottdensmore/.rvm/rubies/ruby-1.9.3-p448/include/ruby-1.9.1/x86_64-darwin12.4.0 -I/Users/scottdensmore/.rvm/rubies/ruby-1.9.3-p448/include/ruby-1.9.1/ruby/backward -I/Users/scottdensmore/.rvm/rubies/ruby-1.9.3-p448/include/ruby-1.9.1 -I. -D_XOPEN_SOURCE -D_DARWIN_C_SOURCE   -I/usr/local/opt/libyaml/include -I/usr/local/opt/readline/include -I/usr/local/opt/libksba/include -I/usr/local/opt/openssl/include  -O3 -ggdb -Wall -Wextra -Wno-unused-parameter -Wno-parentheses -Wno-long-long -Wno-missing-field-initializers -Wpointer-arith -Wwrite-strings -Wdeclaration-after-statement -Wshorten-64-to-32 -Wimplicit-function-declaration  -fno-common -pipe   -c conftest.c"
checked program was:
/* begin */
1: #include "ruby.h"
2: 
3: #include <mach/mach.h>
4: #include <mach/mach_host.h>
5: 
6: /*top*/
7: typedef int conftest_type;
8: conftest_type conftestval = (int)CPU_STATE_MAX;
/* end */

--------------------

have_const: checking for PROCESSOR_CPU_LOAD_INFO in mach/mach.h,mach/mach_host.h... -------------------- yes

"/usr/local/bin/gcc-4.2 -I/Users/scottdensmore/.rvm/rubies/ruby-1.9.3-p448/include/ruby-1.9.1/x86_64-darwin12.4.0 -I/Users/scottdensmore/.rvm/rubies/ruby-1.9.3-p448/include/ruby-1.9.1/ruby/backward -I/Users/scottdensmore/.rvm/rubies/ruby-1.9.3-p448/include/ruby-1.9.1 -I. -D_XOPEN_SOURCE -D_DARWIN_C_SOURCE   -I/usr/local/opt/libyaml/include -I/usr/local/opt/readline/include -I/usr/local/opt/libksba/include -I/usr/local/opt/openssl/include  -O3 -ggdb -Wall -Wextra -Wno-unused-parameter -Wno-parentheses -Wno-long-long -Wno-missing-field-initializers -Wpointer-arith -Wwrite-strings -Wdeclaration-after-statement -Wshorten-64-to-32 -Wimplicit-function-declaration  -fno-common -pipe   -c conftest.c"
checked program was:
/* begin */
1: #include "ruby.h"
2: 
3: #include <mach/mach.h>
4: #include <mach/mach_host.h>
5: 
6: /*top*/
7: typedef int conftest_type;
8: conftest_type conftestval = (int)PROCESSOR_CPU_LOAD_INFO;
/* end */

--------------------

have_const: checking for CPU_STATE_USER in mach/mach.h,mach/mach_host.h... -------------------- yes

"/usr/local/bin/gcc-4.2 -I/Users/scottdensmore/.rvm/rubies/ruby-1.9.3-p448/include/ruby-1.9.1/x86_64-darwin12.4.0 -I/Users/scottdensmore/.rvm/rubies/ruby-1.9.3-p448/include/ruby-1.9.1/ruby/backward -I/Users/scottdensmore/.rvm/rubies/ruby-1.9.3-p448/include/ruby-1.9.1 -I. -D_XOPEN_SOURCE -D_DARWIN_C_SOURCE   -I/usr/local/opt/libyaml/include -I/usr/local/opt/readline/include -I/usr/local/opt/libksba/include -I/usr/local/opt/openssl/include  -O3 -ggdb -Wall -Wextra -Wno-unused-parameter -Wno-parentheses -Wno-long-long -Wno-missing-field-initializers -Wpointer-arith -Wwrite-strings -Wdeclaration-after-statement -Wshorten-64-to-32 -Wimplicit-function-declaration  -fno-common -pipe   -c conftest.c"
checked program was:
/* begin */
1: #include "ruby.h"
2: 
3: #include <mach/mach.h>
4: #include <mach/mach_host.h>
5: 
6: /*top*/
7: typedef int conftest_type;
8: conftest_type conftestval = (int)CPU_STATE_USER;
/* end */

--------------------

have_const: checking for CPU_STATE_SYSTEM in mach/mach.h,mach/mach_host.h... -------------------- yes

"/usr/local/bin/gcc-4.2 -I/Users/scottdensmore/.rvm/rubies/ruby-1.9.3-p448/include/ruby-1.9.1/x86_64-darwin12.4.0 -I/Users/scottdensmore/.rvm/rubies/ruby-1.9.3-p448/include/ruby-1.9.1/ruby/backward -I/Users/scottdensmore/.rvm/rubies/ruby-1.9.3-p448/include/ruby-1.9.1 -I. -D_XOPEN_SOURCE -D_DARWIN_C_SOURCE   -I/usr/local/opt/libyaml/include -I/usr/local/opt/readline/include -I/usr/local/opt/libksba/include -I/usr/local/opt/openssl/include  -O3 -ggdb -Wall -Wextra -Wno-unused-parameter -Wno-parentheses -Wno-long-long -Wno-missing-field-initializers -Wpointer-arith -Wwrite-strings -Wdeclaration-after-statement -Wshorten-64-to-32 -Wimplicit-function-declaration  -fno-common -pipe   -c conftest.c"
checked program was:
/* begin */
1: #include "ruby.h"
2: 
3: #include <mach/mach.h>
4: #include <mach/mach_host.h>
5: 
6: /*top*/
7: typedef int conftest_type;
8: conftest_type conftestval = (int)CPU_STATE_SYSTEM;
/* end */

--------------------

have_const: checking for CPU_STATE_NICE in mach/mach.h,mach/mach_host.h... -------------------- yes

"/usr/local/bin/gcc-4.2 -I/Users/scottdensmore/.rvm/rubies/ruby-1.9.3-p448/include/ruby-1.9.1/x86_64-darwin12.4.0 -I/Users/scottdensmore/.rvm/rubies/ruby-1.9.3-p448/include/ruby-1.9.1/ruby/backward -I/Users/scottdensmore/.rvm/rubies/ruby-1.9.3-p448/include/ruby-1.9.1 -I. -D_XOPEN_SOURCE -D_DARWIN_C_SOURCE   -I/usr/local/opt/libyaml/include -I/usr/local/opt/readline/include -I/usr/local/opt/libksba/include -I/usr/local/opt/openssl/include  -O3 -ggdb -Wall -Wextra -Wno-unused-parameter -Wno-parentheses -Wno-long-long -Wno-missing-field-initializers -Wpointer-arith -Wwrite-strings -Wdeclaration-after-statement -Wshorten-64-to-32 -Wimplicit-function-declaration  -fno-common -pipe   -c conftest.c"
checked program was:
/* begin */
1: #include "ruby.h"
2: 
3: #include <mach/mach.h>
4: #include <mach/mach_host.h>
5: 
6: /*top*/
7: typedef int conftest_type;
8: conftest_type conftestval = (int)CPU_STATE_NICE;
/* end */

--------------------

have_const: checking for CPU_STATE_IDLE in mach/mach.h,mach/mach_host.h... -------------------- yes

"/usr/local/bin/gcc-4.2 -I/Users/scottdensmore/.rvm/rubies/ruby-1.9.3-p448/include/ruby-1.9.1/x86_64-darwin12.4.0 -I/Users/scottdensmore/.rvm/rubies/ruby-1.9.3-p448/include/ruby-1.9.1/ruby/backward -I/Users/scottdensmore/.rvm/rubies/ruby-1.9.3-p448/include/ruby-1.9.1 -I. -D_XOPEN_SOURCE -D_DARWIN_C_SOURCE   -I/usr/local/opt/libyaml/include -I/usr/local/opt/readline/include -I/usr/local/opt/libksba/include -I/usr/local/opt/openssl/include  -O3 -ggdb -Wall -Wextra -Wno-unused-parameter -Wno-parentheses -Wno-long-long -Wno-missing-field-initializers -Wpointer-arith -Wwrite-strings -Wdeclaration-after-statement -Wshorten-64-to-32 -Wimplicit-function-declaration  -fno-common -pipe   -c conftest.c"
checked program was:
/* begin */
1: #include "ruby.h"
2: 
3: #include <mach/mach.h>
4: #include <mach/mach_host.h>
5: 
6: /*top*/
7: typedef int conftest_type;
8: conftest_type conftestval = (int)CPU_STATE_IDLE;
/* end */

--------------------

have_header: checking for sys/param.h... -------------------- yes

"/usr/local/bin/gcc-4.2 -E -I/Users/scottdensmore/.rvm/rubies/ruby-1.9.3-p448/include/ruby-1.9.1/x86_64-darwin12.4.0 -I/Users/scottdensmore/.rvm/rubies/ruby-1.9.3-p448/include/ruby-1.9.1/ruby/backward -I/Users/scottdensmore/.rvm/rubies/ruby-1.9.3-p448/include/ruby-1.9.1 -I. -D_XOPEN_SOURCE -D_DARWIN_C_SOURCE   -I/usr/local/opt/libyaml/include -I/usr/local/opt/readline/include -I/usr/local/opt/libksba/include -I/usr/local/opt/openssl/include  -O3 -ggdb -Wall -Wextra -Wno-unused-parameter -Wno-parentheses -Wno-long-long -Wno-missing-field-initializers -Wpointer-arith -Wwrite-strings -Wdeclaration-after-statement -Wshorten-64-to-32 -Wimplicit-function-declaration  -fno-common -pipe  conftest.c -o conftest.i"
checked program was:
/* begin */
1: #include "ruby.h"
2: 
3: #include <sys/param.h>
/* end */

--------------------

have_header: checking for sys/mount.h... -------------------- yes

"/usr/local/bin/gcc-4.2 -E -I/Users/scottdensmore/.rvm/rubies/ruby-1.9.3-p448/include/ruby-1.9.1/x86_64-darwin12.4.0 -I/Users/scottdensmore/.rvm/rubies/ruby-1.9.3-p448/include/ruby-1.9.1/ruby/backward -I/Users/scottdensmore/.rvm/rubies/ruby-1.9.3-p448/include/ruby-1.9.1 -I. -D_XOPEN_SOURCE -D_DARWIN_C_SOURCE   -I/usr/local/opt/libyaml/include -I/usr/local/opt/readline/include -I/usr/local/opt/libksba/include -I/usr/local/opt/openssl/include  -O3 -ggdb -Wall -Wextra -Wno-unused-parameter -Wno-parentheses -Wno-long-long -Wno-missing-field-initializers -Wpointer-arith -Wwrite-strings -Wdeclaration-after-statement -Wshorten-64-to-32 -Wimplicit-function-declaration  -fno-common -pipe  conftest.c -o conftest.i"
checked program was:
/* begin */
1: #include "ruby.h"
2: 
3: #include <sys/mount.h>
/* end */

--------------------

have_header: checking for sys/statfs.h... -------------------- no

"/usr/local/bin/gcc-4.2 -E -I/Users/scottdensmore/.rvm/rubies/ruby-1.9.3-p448/include/ruby-1.9.1/x86_64-darwin12.4.0 -I/Users/scottdensmore/.rvm/rubies/ruby-1.9.3-p448/include/ruby-1.9.1/ruby/backward -I/Users/scottdensmore/.rvm/rubies/ruby-1.9.3-p448/include/ruby-1.9.1 -I. -D_XOPEN_SOURCE -D_DARWIN_C_SOURCE   -I/usr/local/opt/libyaml/include -I/usr/local/opt/readline/include -I/usr/local/opt/libksba/include -I/usr/local/opt/openssl/include  -O3 -ggdb -Wall -Wextra -Wno-unused-parameter -Wno-parentheses -Wno-long-long -Wno-missing-field-initializers -Wpointer-arith -Wwrite-strings -Wdeclaration-after-statement -Wshorten-64-to-32 -Wimplicit-function-declaration  -fno-common -pipe  conftest.c -o conftest.i"
conftest.c:3:24: error: sys/statfs.h: No such file or directory
checked program was:
/* begin */
1: #include "ruby.h"
2: 
3: #include <sys/statfs.h>
/* end */

--------------------

have_func: checking for statfs()... -------------------- yes

"/usr/local/bin/gcc-4.2 -o conftest -I/Users/scottdensmore/.rvm/rubies/ruby-1.9.3-p448/include/ruby-1.9.1/x86_64-darwin12.4.0 -I/Users/scottdensmore/.rvm/rubies/ruby-1.9.3-p448/include/ruby-1.9.1/ruby/backward -I/Users/scottdensmore/.rvm/rubies/ruby-1.9.3-p448/include/ruby-1.9.1 -I. -D_XOPEN_SOURCE -D_DARWIN_C_SOURCE   -I/usr/local/opt/libyaml/include -I/usr/local/opt/readline/include -I/usr/local/opt/libksba/include -I/usr/local/opt/openssl/include  -O3 -ggdb -Wall -Wextra -Wno-unused-parameter -Wno-parentheses -Wno-long-long -Wno-missing-field-initializers -Wpointer-arith -Wwrite-strings -Wdeclaration-after-statement -Wshorten-64-to-32 -Wimplicit-function-declaration  -fno-common -pipe conftest.c  -L. -L/Users/scottdensmore/.rvm/rubies/ruby-1.9.3-p448/lib -L/usr/local/opt/libyaml/lib -L/usr/local/opt/readline/lib -L/usr/local/opt/libksba/lib -L/usr/local/opt/openssl/lib -L.  -L/usr/local/opt/libyaml/lib -L/usr/local/opt/readline/lib -L/usr/local/opt/libksba/lib -L/usr/local/opt/openssl/lib      -lruby.1.9.1  -lpthread -ldl -lobjc "
conftest.c: In function ‘t’:
conftest.c:4: error: ‘statfs’ undeclared (first use in this function)
conftest.c:4: error: (Each undeclared identifier is reported only once
conftest.c:4: error: for each function it appears in.)
checked program was:
/* begin */
 1: #include "ruby.h"
 2: 
 3: /*top*/
 4: int t() { void ((*volatile p)()); p = (void ((*)()))statfs; return 0; }
 5: int main(int argc, char **argv)
 6: {
 7:   if (argc > 1000000) {
 8:     printf("%p", &t);
 9:   }
10: 
11:   return 0;
12: }
/* end */

"/usr/local/bin/gcc-4.2 -o conftest -I/Users/scottdensmore/.rvm/rubies/ruby-1.9.3-p448/include/ruby-1.9.1/x86_64-darwin12.4.0 -I/Users/scottdensmore/.rvm/rubies/ruby-1.9.3-p448/include/ruby-1.9.1/ruby/backward -I/Users/scottdensmore/.rvm/rubies/ruby-1.9.3-p448/include/ruby-1.9.1 -I. -D_XOPEN_SOURCE -D_DARWIN_C_SOURCE   -I/usr/local/opt/libyaml/include -I/usr/local/opt/readline/include -I/usr/local/opt/libksba/include -I/usr/local/opt/openssl/include  -O3 -ggdb -Wall -Wextra -Wno-unused-parameter -Wno-parentheses -Wno-long-long -Wno-missing-field-initializers -Wpointer-arith -Wwrite-strings -Wdeclaration-after-statement -Wshorten-64-to-32 -Wimplicit-function-declaration  -fno-common -pipe conftest.c  -L. -L/Users/scottdensmore/.rvm/rubies/ruby-1.9.3-p448/lib -L/usr/local/opt/libyaml/lib -L/usr/local/opt/readline/lib -L/usr/local/opt/libksba/lib -L/usr/local/opt/openssl/lib -L.  -L/usr/local/opt/libyaml/lib -L/usr/local/opt/readline/lib -L/usr/local/opt/libksba/lib -L/usr/local/opt/openssl/lib      -lruby.1.9.1  -lpthread -ldl -lobjc "
conftest.c: In function ‘t’:
conftest.c:4: warning: implicit declaration of function ‘statfs’
checked program was:
/* begin */
 1: #include "ruby.h"
 2: 
 3: /*top*/
 4: int t() { statfs(); return 0; }
 5: int main(int argc, char **argv)
 6: {
 7:   if (argc > 1000000) {
 8:     printf("%p", &t);
 9:   }
10: 
11:   return 0;
12: }
/* end */

--------------------

have_header: checking for unistd.h... -------------------- yes

"/usr/local/bin/gcc-4.2 -E -I/Users/scottdensmore/.rvm/rubies/ruby-1.9.3-p448/include/ruby-1.9.1/x86_64-darwin12.4.0 -I/Users/scottdensmore/.rvm/rubies/ruby-1.9.3-p448/include/ruby-1.9.1/ruby/backward -I/Users/scottdensmore/.rvm/rubies/ruby-1.9.3-p448/include/ruby-1.9.1 -I. -D_XOPEN_SOURCE -D_DARWIN_C_SOURCE   -I/usr/local/opt/libyaml/include -I/usr/local/opt/readline/include -I/usr/local/opt/libksba/include -I/usr/local/opt/openssl/include  -O3 -ggdb -Wall -Wextra -Wno-unused-parameter -Wno-parentheses -Wno-long-long -Wno-missing-field-initializers -Wpointer-arith -Wwrite-strings -Wdeclaration-after-statement -Wshorten-64-to-32 -Wimplicit-function-declaration  -fno-common -pipe  conftest.c -o conftest.i"
checked program was:
/* begin */
1: #include "ruby.h"
2: 
3: #include <unistd.h>
/* end */

--------------------

have_header: checking for sys/sysctl.h... -------------------- yes

"/usr/local/bin/gcc-4.2 -E -I/Users/scottdensmore/.rvm/rubies/ruby-1.9.3-p448/include/ruby-1.9.1/x86_64-darwin12.4.0 -I/Users/scottdensmore/.rvm/rubies/ruby-1.9.3-p448/include/ruby-1.9.1/ruby/backward -I/Users/scottdensmore/.rvm/rubies/ruby-1.9.3-p448/include/ruby-1.9.1 -I. -D_XOPEN_SOURCE -D_DARWIN_C_SOURCE   -I/usr/local/opt/libyaml/include -I/usr/local/opt/readline/include -I/usr/local/opt/libksba/include -I/usr/local/opt/openssl/include  -O3 -ggdb -Wall -Wextra -Wno-unused-parameter -Wno-parentheses -Wno-long-long -Wno-missing-field-initializers -Wpointer-arith -Wwrite-strings -Wdeclaration-after-statement -Wshorten-64-to-32 -Wimplicit-function-declaration  -fno-common -pipe  conftest.c -o conftest.i"
checked program was:
/* begin */
1: #include "ruby.h"
2: 
3: #include <sys/sysctl.h>
/* end */

--------------------

have_header: checking for sys/types.h... -------------------- yes

"/usr/local/bin/gcc-4.2 -E -I/Users/scottdensmore/.rvm/rubies/ruby-1.9.3-p448/include/ruby-1.9.1/x86_64-darwin12.4.0 -I/Users/scottdensmore/.rvm/rubies/ruby-1.9.3-p448/include/ruby-1.9.1/ruby/backward -I/Users/scottdensmore/.rvm/rubies/ruby-1.9.3-p448/include/ruby-1.9.1 -I. -D_XOPEN_SOURCE -D_DARWIN_C_SOURCE   -I/usr/local/opt/libyaml/include -I/usr/local/opt/readline/include -I/usr/local/opt/libksba/include -I/usr/local/opt/openssl/include  -O3 -ggdb -Wall -Wextra -Wno-unused-parameter -Wno-parentheses -Wno-long-long -Wno-missing-field-initializers -Wpointer-arith -Wwrite-strings -Wdeclaration-after-statement -Wshorten-64-to-32 -Wimplicit-function-declaration  -fno-common -pipe  conftest.c -o conftest.i"
checked program was:
/* begin */
1: #include "ruby.h"
2: 
3: #include <sys/types.h>
/* end */

--------------------

have_header: checking for sys/socket.h... -------------------- yes

"/usr/local/bin/gcc-4.2 -E -I/Users/scottdensmore/.rvm/rubies/ruby-1.9.3-p448/include/ruby-1.9.1/x86_64-darwin12.4.0 -I/Users/scottdensmore/.rvm/rubies/ruby-1.9.3-p448/include/ruby-1.9.1/ruby/backward -I/Users/scottdensmore/.rvm/rubies/ruby-1.9.3-p448/include/ruby-1.9.1 -I. -D_XOPEN_SOURCE -D_DARWIN_C_SOURCE   -I/usr/local/opt/libyaml/include -I/usr/local/opt/readline/include -I/usr/local/opt/libksba/include -I/usr/local/opt/openssl/include  -O3 -ggdb -Wall -Wextra -Wno-unused-parameter -Wno-parentheses -Wno-long-long -Wno-missing-field-initializers -Wpointer-arith -Wwrite-strings -Wdeclaration-after-statement -Wshorten-64-to-32 -Wimplicit-function-declaration  -fno-common -pipe  conftest.c -o conftest.i"
checked program was:
/* begin */
1: #include "ruby.h"
2: 
3: #include <sys/socket.h>
/* end */

--------------------

have_header: checking for net/if.h... -------------------- yes

"/usr/local/bin/gcc-4.2 -E -I/Users/scottdensmore/.rvm/rubies/ruby-1.9.3-p448/include/ruby-1.9.1/x86_64-darwin12.4.0 -I/Users/scottdensmore/.rvm/rubies/ruby-1.9.3-p448/include/ruby-1.9.1/ruby/backward -I/Users/scottdensmore/.rvm/rubies/ruby-1.9.3-p448/include/ruby-1.9.1 -I. -D_XOPEN_SOURCE -D_DARWIN_C_SOURCE   -I/usr/local/opt/libyaml/include -I/usr/local/opt/readline/include -I/usr/local/opt/libksba/include -I/usr/local/opt/openssl/include  -O3 -ggdb -Wall -Wextra -Wno-unused-parameter -Wno-parentheses -Wno-long-long -Wno-missing-field-initializers -Wpointer-arith -Wwrite-strings -Wdeclaration-after-statement -Wshorten-64-to-32 -Wimplicit-function-declaration  -fno-common -pipe  conftest.c -o conftest.i"
checked program was:
/* begin */
1: #include "ruby.h"
2: 
3: #include <net/if.h>
/* end */

--------------------

have_header: checking for net/if_mib.h... -------------------- yes

"/usr/local/bin/gcc-4.2 -E -I/Users/scottdensmore/.rvm/rubies/ruby-1.9.3-p448/include/ruby-1.9.1/x86_64-darwin12.4.0 -I/Users/scottdensmore/.rvm/rubies/ruby-1.9.3-p448/include/ruby-1.9.1/ruby/backward -I/Users/scottdensmore/.rvm/rubies/ruby-1.9.3-p448/include/ruby-1.9.1 -I. -D_XOPEN_SOURCE -D_DARWIN_C_SOURCE   -I/usr/local/opt/libyaml/include -I/usr/local/opt/readline/include -I/usr/local/opt/libksba/include -I/usr/local/opt/openssl/include  -O3 -ggdb -Wall -Wextra -Wno-unused-parameter -Wno-parentheses -Wno-long-long -Wno-missing-field-initializers -Wpointer-arith -Wwrite-strings -Wdeclaration-after-statement -Wshorten-64-to-32 -Wimplicit-function-declaration  -fno-common -pipe  conftest.c -o conftest.i"
checked program was:
/* begin */
1: #include "ruby.h"
2: 
3: #include <net/if_mib.h>
/* end */

--------------------

have_header: checking for net/if_types.h... -------------------- yes

"/usr/local/bin/gcc-4.2 -E -I/Users/scottdensmore/.rvm/rubies/ruby-1.9.3-p448/include/ruby-1.9.1/x86_64-darwin12.4.0 -I/Users/scottdensmore/.rvm/rubies/ruby-1.9.3-p448/include/ruby-1.9.1/ruby/backward -I/Users/scottdensmore/.rvm/rubies/ruby-1.9.3-p448/include/ruby-1.9.1 -I. -D_XOPEN_SOURCE -D_DARWIN_C_SOURCE   -I/usr/local/opt/libyaml/include -I/usr/local/opt/readline/include -I/usr/local/opt/libksba/include -I/usr/local/opt/openssl/include  -O3 -ggdb -Wall -Wextra -Wno-unused-parameter -Wno-parentheses -Wno-long-long -Wno-missing-field-initializers -Wpointer-arith -Wwrite-strings -Wdeclaration-after-statement -Wshorten-64-to-32 -Wimplicit-function-declaration  -fno-common -pipe  conftest.c -o conftest.i"
checked program was:
/* begin */
1: #include "ruby.h"
2: 
3: #include <net/if_types.h>
/* end */

--------------------

have_func: checking for getloadavg()... -------------------- yes

"/usr/local/bin/gcc-4.2 -o conftest -I/Users/scottdensmore/.rvm/rubies/ruby-1.9.3-p448/include/ruby-1.9.1/x86_64-darwin12.4.0 -I/Users/scottdensmore/.rvm/rubies/ruby-1.9.3-p448/include/ruby-1.9.1/ruby/backward -I/Users/scottdensmore/.rvm/rubies/ruby-1.9.3-p448/include/ruby-1.9.1 -I. -D_XOPEN_SOURCE -D_DARWIN_C_SOURCE   -I/usr/local/opt/libyaml/include -I/usr/local/opt/readline/include -I/usr/local/opt/libksba/include -I/usr/local/opt/openssl/include  -O3 -ggdb -Wall -Wextra -Wno-unused-parameter -Wno-parentheses -Wno-long-long -Wno-missing-field-initializers -Wpointer-arith -Wwrite-strings -Wdeclaration-after-statement -Wshorten-64-to-32 -Wimplicit-function-declaration  -fno-common -pipe conftest.c  -L. -L/Users/scottdensmore/.rvm/rubies/ruby-1.9.3-p448/lib -L/usr/local/opt/libyaml/lib -L/usr/local/opt/readline/lib -L/usr/local/opt/libksba/lib -L/usr/local/opt/openssl/lib -L.  -L/usr/local/opt/libyaml/lib -L/usr/local/opt/readline/lib -L/usr/local/opt/libksba/lib -L/usr/local/opt/openssl/lib      -lruby.1.9.1  -lpthread -ldl -lobjc "
checked program was:
/* begin */
 1: #include "ruby.h"
 2: 
 3: /*top*/
 4: int t() { void ((*volatile p)()); p = (void ((*)()))getloadavg; return 0; }
 5: int main(int argc, char **argv)
 6: {
 7:   if (argc > 1000000) {
 8:     printf("%p", &t);
 9:   }
10: 
11:   return 0;
12: }
/* end */

--------------------

have_func: checking for sysctl()... -------------------- yes

"/usr/local/bin/gcc-4.2 -o conftest -I/Users/scottdensmore/.rvm/rubies/ruby-1.9.3-p448/include/ruby-1.9.1/x86_64-darwin12.4.0 -I/Users/scottdensmore/.rvm/rubies/ruby-1.9.3-p448/include/ruby-1.9.1/ruby/backward -I/Users/scottdensmore/.rvm/rubies/ruby-1.9.3-p448/include/ruby-1.9.1 -I. -D_XOPEN_SOURCE -D_DARWIN_C_SOURCE   -I/usr/local/opt/libyaml/include -I/usr/local/opt/readline/include -I/usr/local/opt/libksba/include -I/usr/local/opt/openssl/include  -O3 -ggdb -Wall -Wextra -Wno-unused-parameter -Wno-parentheses -Wno-long-long -Wno-missing-field-initializers -Wpointer-arith -Wwrite-strings -Wdeclaration-after-statement -Wshorten-64-to-32 -Wimplicit-function-declaration  -fno-common -pipe conftest.c  -L. -L/Users/scottdensmore/.rvm/rubies/ruby-1.9.3-p448/lib -L/usr/local/opt/libyaml/lib -L/usr/local/opt/readline/lib -L/usr/local/opt/libksba/lib -L/usr/local/opt/openssl/lib -L.  -L/usr/local/opt/libyaml/lib -L/usr/local/opt/readline/lib -L/usr/local/opt/libksba/lib -L/usr/local/opt/openssl/lib      -lruby.1.9.1  -lpthread -ldl -lobjc "
conftest.c: In function ‘t’:
conftest.c:4: error: ‘sysctl’ undeclared (first use in this function)
conftest.c:4: error: (Each undeclared identifier is reported only once
conftest.c:4: error: for each function it appears in.)
checked program was:
/* begin */
 1: #include "ruby.h"
 2: 
 3: /*top*/
 4: int t() { void ((*volatile p)()); p = (void ((*)()))sysctl; return 0; }
 5: int main(int argc, char **argv)
 6: {
 7:   if (argc > 1000000) {
 8:     printf("%p", &t);
 9:   }
10: 
11:   return 0;
12: }
/* end */

"/usr/local/bin/gcc-4.2 -o conftest -I/Users/scottdensmore/.rvm/rubies/ruby-1.9.3-p448/include/ruby-1.9.1/x86_64-darwin12.4.0 -I/Users/scottdensmore/.rvm/rubies/ruby-1.9.3-p448/include/ruby-1.9.1/ruby/backward -I/Users/scottdensmore/.rvm/rubies/ruby-1.9.3-p448/include/ruby-1.9.1 -I. -D_XOPEN_SOURCE -D_DARWIN_C_SOURCE   -I/usr/local/opt/libyaml/include -I/usr/local/opt/readline/include -I/usr/local/opt/libksba/include -I/usr/local/opt/openssl/include  -O3 -ggdb -Wall -Wextra -Wno-unused-parameter -Wno-parentheses -Wno-long-long -Wno-missing-field-initializers -Wpointer-arith -Wwrite-strings -Wdeclaration-after-statement -Wshorten-64-to-32 -Wimplicit-function-declaration  -fno-common -pipe conftest.c  -L. -L/Users/scottdensmore/.rvm/rubies/ruby-1.9.3-p448/lib -L/usr/local/opt/libyaml/lib -L/usr/local/opt/readline/lib -L/usr/local/opt/libksba/lib -L/usr/local/opt/openssl/lib -L.  -L/usr/local/opt/libyaml/lib -L/usr/local/opt/readline/lib -L/usr/local/opt/libksba/lib -L/usr/local/opt/openssl/lib      -lruby.1.9.1  -lpthread -ldl -lobjc "
conftest.c: In function ‘t’:
conftest.c:4: warning: implicit declaration of function ‘sysctl’
checked program was:
/* begin */
 1: #include "ruby.h"
 2: 
 3: /*top*/
 4: int t() { sysctl(); return 0; }
 5: int main(int argc, char **argv)
 6: {
 7:   if (argc > 1000000) {
 8:     printf("%p", &t);
 9:   }
10: 
11:   return 0;
12: }
/* end */

--------------------

have_type: checking for struct ifmibdata in unistd.h,sys/sysctl.h,sys/types.h,sys/socket.h,net/if.h,net/if_mib.h,net/if_types.h... -------------------- yes

"/usr/local/bin/gcc-4.2 -I/Users/scottdensmore/.rvm/rubies/ruby-1.9.3-p448/include/ruby-1.9.1/x86_64-darwin12.4.0 -I/Users/scottdensmore/.rvm/rubies/ruby-1.9.3-p448/include/ruby-1.9.1/ruby/backward -I/Users/scottdensmore/.rvm/rubies/ruby-1.9.3-p448/include/ruby-1.9.1 -I. -D_XOPEN_SOURCE -D_DARWIN_C_SOURCE   -I/usr/local/opt/libyaml/include -I/usr/local/opt/readline/include -I/usr/local/opt/libksba/include -I/usr/local/opt/openssl/include  -O3 -ggdb -Wall -Wextra -Wno-unused-parameter -Wno-parentheses -Wno-long-long -Wno-missing-field-initializers -Wpointer-arith -Wwrite-strings -Wdeclaration-after-statement -Wshorten-64-to-32 -Wimplicit-function-declaration  -fno-common -pipe   -c conftest.c"
checked program was:
/* begin */
 1: #include "ruby.h"
 2: 
 3: #include <unistd.h>
 4: #include <sys/sysctl.h>
 5: #include <sys/types.h>
 6: #include <sys/socket.h>
 7: #include <net/if.h>
 8: #include <net/if_mib.h>
 9: #include <net/if_types.h>
10: 
11: /*top*/
12: typedef struct ifmibdata conftest_type;
13: int conftestval[sizeof(conftest_type)?1:-1];
/* end */

--------------------

have_const: checking for CTL_NET in unistd.h,sys/sysctl.h,sys/types.h,sys/socket.h,net/if.h,net/if_mib.h,net/if_types.h... -------------------- yes

"/usr/local/bin/gcc-4.2 -I/Users/scottdensmore/.rvm/rubies/ruby-1.9.3-p448/include/ruby-1.9.1/x86_64-darwin12.4.0 -I/Users/scottdensmore/.rvm/rubies/ruby-1.9.3-p448/include/ruby-1.9.1/ruby/backward -I/Users/scottdensmore/.rvm/rubies/ruby-1.9.3-p448/include/ruby-1.9.1 -I. -D_XOPEN_SOURCE -D_DARWIN_C_SOURCE   -I/usr/local/opt/libyaml/include -I/usr/local/opt/readline/include -I/usr/local/opt/libksba/include -I/usr/local/opt/openssl/include  -O3 -ggdb -Wall -Wextra -Wno-unused-parameter -Wno-parentheses -Wno-long-long -Wno-missing-field-initializers -Wpointer-arith -Wwrite-strings -Wdeclaration-after-statement -Wshorten-64-to-32 -Wimplicit-function-declaration  -fno-common -pipe   -c conftest.c"
checked program was:
/* begin */
 1: #include "ruby.h"
 2: 
 3: #include <unistd.h>
 4: #include <sys/sysctl.h>
 5: #include <sys/types.h>
 6: #include <sys/socket.h>
 7: #include <net/if.h>
 8: #include <net/if_mib.h>
 9: #include <net/if_types.h>
10: 
11: /*top*/
12: typedef int conftest_type;
13: conftest_type conftestval = (int)CTL_NET;
/* end */

--------------------

have_const: checking for PF_LINK in unistd.h,sys/sysctl.h,sys/types.h,sys/socket.h,net/if.h,net/if_mib.h,net/if_types.h... -------------------- yes

"/usr/local/bin/gcc-4.2 -I/Users/scottdensmore/.rvm/rubies/ruby-1.9.3-p448/include/ruby-1.9.1/x86_64-darwin12.4.0 -I/Users/scottdensmore/.rvm/rubies/ruby-1.9.3-p448/include/ruby-1.9.1/ruby/backward -I/Users/scottdensmore/.rvm/rubies/ruby-1.9.3-p448/include/ruby-1.9.1 -I. -D_XOPEN_SOURCE -D_DARWIN_C_SOURCE   -I/usr/local/opt/libyaml/include -I/usr/local/opt/readline/include -I/usr/local/opt/libksba/include -I/usr/local/opt/openssl/include  -O3 -ggdb -Wall -Wextra -Wno-unused-parameter -Wno-parentheses -Wno-long-long -Wno-missing-field-initializers -Wpointer-arith -Wwrite-strings -Wdeclaration-after-statement -Wshorten-64-to-32 -Wimplicit-function-declaration  -fno-common -pipe   -c conftest.c"
checked program was:
/* begin */
 1: #include "ruby.h"
 2: 
 3: #include <unistd.h>
 4: #include <sys/sysctl.h>
 5: #include <sys/types.h>
 6: #include <sys/socket.h>
 7: #include <net/if.h>
 8: #include <net/if_mib.h>
 9: #include <net/if_types.h>
10: 
11: /*top*/
12: typedef int conftest_type;
13: conftest_type conftestval = (int)PF_LINK;
/* end */

--------------------

have_const: checking for NETLINK_GENERIC in unistd.h,sys/sysctl.h,sys/types.h,sys/socket.h,net/if.h,net/if_mib.h,net/if_types.h... -------------------- yes

"/usr/local/bin/gcc-4.2 -I/Users/scottdensmore/.rvm/rubies/ruby-1.9.3-p448/include/ruby-1.9.1/x86_64-darwin12.4.0 -I/Users/scottdensmore/.rvm/rubies/ruby-1.9.3-p448/include/ruby-1.9.1/ruby/backward -I/Users/scottdensmore/.rvm/rubies/ruby-1.9.3-p448/include/ruby-1.9.1 -I. -D_XOPEN_SOURCE -D_DARWIN_C_SOURCE   -I/usr/local/opt/libyaml/include -I/usr/local/opt/readline/include -I/usr/local/opt/libksba/include -I/usr/local/opt/openssl/include  -O3 -ggdb -Wall -Wextra -Wno-unused-parameter -Wno-parentheses -Wno-long-long -Wno-missing-field-initializers -Wpointer-arith -Wwrite-strings -Wdeclaration-after-statement -Wshorten-64-to-32 -Wimplicit-function-declaration  -fno-common -pipe   -c conftest.c"
checked program was:
/* begin */
 1: #include "ruby.h"
 2: 
 3: #include <unistd.h>
 4: #include <sys/sysctl.h>
 5: #include <sys/types.h>
 6: #include <sys/socket.h>
 7: #include <net/if.h>
 8: #include <net/if_mib.h>
 9: #include <net/if_types.h>
10: 
11: /*top*/
12: typedef int conftest_type;
13: conftest_type conftestval = (int)NETLINK_GENERIC;
/* end */

--------------------

have_const: checking for IFMIB_IFDATA in unistd.h,sys/sysctl.h,sys/types.h,sys/socket.h,net/if.h,net/if_mib.h,net/if_types.h... -------------------- yes

"/usr/local/bin/gcc-4.2 -I/Users/scottdensmore/.rvm/rubies/ruby-1.9.3-p448/include/ruby-1.9.1/x86_64-darwin12.4.0 -I/Users/scottdensmore/.rvm/rubies/ruby-1.9.3-p448/include/ruby-1.9.1/ruby/backward -I/Users/scottdensmore/.rvm/rubies/ruby-1.9.3-p448/include/ruby-1.9.1 -I. -D_XOPEN_SOURCE -D_DARWIN_C_SOURCE   -I/usr/local/opt/libyaml/include -I/usr/local/opt/readline/include -I/usr/local/opt/libksba/include -I/usr/local/opt/openssl/include  -O3 -ggdb -Wall -Wextra -Wno-unused-parameter -Wno-parentheses -Wno-long-long -Wno-missing-field-initializers -Wpointer-arith -Wwrite-strings -Wdeclaration-after-statement -Wshorten-64-to-32 -Wimplicit-function-declaration  -fno-common -pipe   -c conftest.c"
checked program was:
/* begin */
 1: #include "ruby.h"
 2: 
 3: #include <unistd.h>
 4: #include <sys/sysctl.h>
 5: #include <sys/types.h>
 6: #include <sys/socket.h>
 7: #include <net/if.h>
 8: #include <net/if_mib.h>
 9: #include <net/if_types.h>
10: 
11: /*top*/
12: typedef int conftest_type;
13: conftest_type conftestval = (int)IFMIB_IFDATA;
/* end */

--------------------

have_const: checking for IFDATA_GENERAL in unistd.h,sys/sysctl.h,sys/types.h,sys/socket.h,net/if.h,net/if_mib.h,net/if_types.h... -------------------- yes

"/usr/local/bin/gcc-4.2 -I/Users/scottdensmore/.rvm/rubies/ruby-1.9.3-p448/include/ruby-1.9.1/x86_64-darwin12.4.0 -I/Users/scottdensmore/.rvm/rubies/ruby-1.9.3-p448/include/ruby-1.9.1/ruby/backward -I/Users/scottdensmore/.rvm/rubies/ruby-1.9.3-p448/include/ruby-1.9.1 -I. -D_XOPEN_SOURCE -D_DARWIN_C_SOURCE   -I/usr/local/opt/libyaml/include -I/usr/local/opt/readline/include -I/usr/local/opt/libksba/include -I/usr/local/opt/openssl/include  -O3 -ggdb -Wall -Wextra -Wno-unused-parameter -Wno-parentheses -Wno-long-long -Wno-missing-field-initializers -Wpointer-arith -Wwrite-strings -Wdeclaration-after-statement -Wshorten-64-to-32 -Wimplicit-function-declaration  -fno-common -pipe   -c conftest.c"
checked program was:
/* begin */
 1: #include "ruby.h"
 2: 
 3: #include <unistd.h>
 4: #include <sys/sysctl.h>
 5: #include <sys/types.h>
 6: #include <sys/socket.h>
 7: #include <net/if.h>
 8: #include <net/if_mib.h>
 9: #include <net/if_types.h>
10: 
11: /*top*/
12: typedef int conftest_type;
13: conftest_type conftestval = (int)IFDATA_GENERAL;
/* end */

--------------------

have_const: checking for CTL_KERN in unistd.h,sys/sysctl.h,sys/types.h,sys/socket.h,net/if.h,net/if_mib.h,net/if_types.h... -------------------- yes

"/usr/local/bin/gcc-4.2 -I/Users/scottdensmore/.rvm/rubies/ruby-1.9.3-p448/include/ruby-1.9.1/x86_64-darwin12.4.0 -I/Users/scottdensmore/.rvm/rubies/ruby-1.9.3-p448/include/ruby-1.9.1/ruby/backward -I/Users/scottdensmore/.rvm/rubies/ruby-1.9.3-p448/include/ruby-1.9.1 -I. -D_XOPEN_SOURCE -D_DARWIN_C_SOURCE   -I/usr/local/opt/libyaml/include -I/usr/local/opt/readline/include -I/usr/local/opt/libksba/include -I/usr/local/opt/openssl/include  -O3 -ggdb -Wall -Wextra -Wno-unused-parameter -Wno-parentheses -Wno-long-long -Wno-missing-field-initializers -Wpointer-arith -Wwrite-strings -Wdeclaration-after-statement -Wshorten-64-to-32 -Wimplicit-function-declaration  -fno-common -pipe   -c conftest.c"
checked program was:
/* begin */
 1: #include "ruby.h"
 2: 
 3: #include <unistd.h>
 4: #include <sys/sysctl.h>
 5: #include <sys/types.h>
 6: #include <sys/socket.h>
 7: #include <net/if.h>
 8: #include <net/if_mib.h>
 9: #include <net/if_types.h>
10: 
11: /*top*/
12: typedef int conftest_type;
13: conftest_type conftestval = (int)CTL_KERN;
/* end */

--------------------

have_const: checking for KERN_BOOTTIME in unistd.h,sys/sysctl.h,sys/types.h,sys/socket.h,net/if.h,net/if_mib.h,net/if_types.h... -------------------- yes

"/usr/local/bin/gcc-4.2 -I/Users/scottdensmore/.rvm/rubies/ruby-1.9.3-p448/include/ruby-1.9.1/x86_64-darwin12.4.0 -I/Users/scottdensmore/.rvm/rubies/ruby-1.9.3-p448/include/ruby-1.9.1/ruby/backward -I/Users/scottdensmore/.rvm/rubies/ruby-1.9.3-p448/include/ruby-1.9.1 -I. -D_XOPEN_SOURCE -D_DARWIN_C_SOURCE   -I/usr/local/opt/libyaml/include -I/usr/local/opt/readline/include -I/usr/local/opt/libksba/include -I/usr/local/opt/openssl/include  -O3 -ggdb -Wall -Wextra -Wno-unused-parameter -Wno-parentheses -Wno-long-long -Wno-missing-field-initializers -Wpointer-arith -Wwrite-strings -Wdeclaration-after-statement -Wshorten-64-to-32 -Wimplicit-function-declaration  -fno-common -pipe   -c conftest.c"
checked program was:
/* begin */
 1: #include "ruby.h"
 2: 
 3: #include <unistd.h>
 4: #include <sys/sysctl.h>
 5: #include <sys/types.h>
 6: #include <sys/socket.h>
 7: #include <net/if.h>
 8: #include <net/if_mib.h>
 9: #include <net/if_types.h>
10: 
11: /*top*/
12: typedef int conftest_type;
13: conftest_type conftestval = (int)KERN_BOOTTIME;
/* end */

--------------------

"sysctl vm.stats.vm.v_page_size"
second level name stats in vm.stats.vm.v_page_size is invalid
extconf.h is:
/* begin */
 1: #ifndef EXTCONF_H
 2: #define EXTCONF_H
 3: #define HAVE_UNISTD_H 1
 4: #define HAVE_GETPAGESIZE 1
 5: #define HAVE_STDLIB_H 1
 6: #define HAVE_GETLOADAVG 1
 7: #define HAVE_MACH_MACH_H 1
 8: #define HAVE_MACH_MACH_HOST_H 1
 9: #define HAVE_HOST_PROCESSOR_INFO 1
10: #define HAVE_MACH_HOST_SELF 1
11: #define HAVE_MACH_TASK_SELF 1
12: #define HAVE_VM_DEALLOCATE 1
13: #define HAVE_MACH_ERROR_STRING 1
14: #define HAVE_TASK_INFO 1
15: #define HAVE_CONST_KERN_SUCCESS 1
16: #define HAVE_CONST_TASK_BASIC_INFO 1
17: #define HAVE_CONST_HOST_VM_INFO 1
18: #define HAVE_CONST_CPU_STATE_MAX 1
19: #define HAVE_CONST_PROCESSOR_CPU_LOAD_INFO 1
20: #define HAVE_CONST_CPU_STATE_USER 1
21: #define HAVE_CONST_CPU_STATE_SYSTEM 1
22: #define HAVE_CONST_CPU_STATE_NICE 1
23: #define HAVE_CONST_CPU_STATE_IDLE 1
24: #define HAVE_SYS_PARAM_H 1
25: #define HAVE_SYS_MOUNT_H 1
26: #define HAVE_STATFS 1
27: #define HAVE_UNISTD_H 1
28: #define HAVE_SYS_SYSCTL_H 1
29: #define HAVE_SYS_TYPES_H 1
30: #define HAVE_SYS_SOCKET_H 1
31: #define HAVE_NET_IF_H 1
32: #define HAVE_NET_IF_MIB_H 1
33: #define HAVE_NET_IF_TYPES_H 1
34: #define HAVE_GETLOADAVG 1
35: #define HAVE_SYSCTL 1
36: #define HAVE_TYPE_STRUCT_IFMIBDATA 1
37: #define HAVE_CONST_CTL_NET 1
38: #define HAVE_CONST_PF_LINK 1
39: #define HAVE_CONST_NETLINK_GENERIC 1
40: #define HAVE_CONST_IFMIB_IFDATA 1
41: #define HAVE_CONST_IFDATA_GENERAL 1
42: #define HAVE_CONST_CTL_KERN 1
43: #define HAVE_CONST_KERN_BOOTTIME 1
44: #endif
/* end */

